{
  "RSpec": {
    "coverage": {
      "/Users/Gabriela/Projects/Week2/oystercard_challenge/spec/oystercard_spec.rb": [
        1,
        null,
        1,
        11,
        5,
        null,
        1,
        1,
        1,
        null,
        null,
        null,
        1,
        2,
        1,
        1,
        1,
        null,
        null,
        null,
        1,
        1,
        1,
        1,
        2,
        null,
        null,
        null,
        1,
        1,
        1,
        null,
        null,
        1,
        1,
        1,
        1,
        null,
        null,
        null,
        null,
        1,
        null,
        1,
        2,
        null,
        null,
        1,
        1,
        1,
        1,
        null,
        null,
        null,
        1,
        1,
        1,
        4,
        null,
        null,
        1,
        1,
        1,
        1,
        1,
        null,
        null,
        null
      ],
      "/Users/Gabriela/Projects/Week2/oystercard_challenge/lib/oystercard.rb": [
        1,
        null,
        1,
        1,
        1,
        1,
        null,
        1,
        10,
        10,
        10,
        null,
        null,
        1,
        17,
        16,
        null,
        null,
        1,
        4,
        4,
        3,
        null,
        null,
        1,
        2,
        2,
        null,
        null,
        1,
        2,
        null,
        1,
        null,
        1,
        2,
        2,
        2,
        null,
        null,
        1,
        17,
        null,
        null,
        1,
        2,
        null,
        null,
        1,
        4,
        null,
        null,
        null
      ]
    },
    "timestamp": 1509549259
  }
}
