{
  "RSpec": {
    "coverage": {
      "/Users/marcovanali/Desktop/Projects/2Week_MA/Oyster_card/spec/oystercard_spec.rb": [
        1,
        null,
        1,
        null,
        2,
        null,
        1,
        1,
        1,
        null,
        null,
        null,
        null
      ],
      "/Users/marcovanali/Desktop/Projects/2Week_MA/Oyster_card/lib/oystercard.rb": [
        1,
        null,
        1,
        null,
        1,
        1,
        null,
        null,
        null
      ]
    },
    "timestamp": 1509382858
  }
}
